<?xml version="1.0" encoding="UTF-8"?>
<!-- Generated by org.testng.reporters.JUnitReportReporter -->
<testsuite skipped="0" hostname="Gokul" name="tests.TestBase" tests="1" failures="0" timestamp="2020-07-13T16:23:11 BST" time="4.966" errors="0">
  <testcase name="Executapplication" time="4.966" classname="tests.TestBase"/>
  <system-out/>
</testsuite> <!-- tests.TestBase -->
